# JRE version: Java(TM) SE Runtime Environment (21.0.2+13) (build 21.0.2+13-LTS-58)
# Java VM: Java HotSpot(TM) 64-Bit Server VM (21.0.2+13-LTS-58, mixed mode, sharing, tiered, compressed oops, compressed class ptrs, g1 gc, windows-amd64)
GC Precious Log:
 CardTable entry size: 512
 Card Set container configuration: InlinePtr #cards 5 size 8 Array Of Cards #cards 12 size 40 Howl #buckets 4 coarsen threshold 1843 Howl Bitmap #cards 512 size 80 coarsen threshold 460 Card regions per heap region 1 cards per card region 2048
 CPUs: 8 total, 8 available
 Memory: 7941M
 Large Page Support: Disabled
 NUMA Support: Disabled
 Compressed Oops: Enabled (32-bit)
 Heap Region Size: 1M
 Heap Min Capacity: 8M
 Heap Initial Capacity: 126M
 Heap Max Capacity: 768M
 Pre-touch: Disabled
 Parallel Workers: 8
 Concurrent Workers: 2
 Concurrent Refinement Workers: 8
 Periodic GC: Disabled
Heap:
 garbage-first heap   total 529408K, used 348160K [0x00000000d0000000, 0x0000000100000000)
  region size 1024K, 48 young (49152K), 19 survivors (19456K)
 Metaspace       used 151210K, committed 154176K, reserved 409600K
  class space    used 20861K, committed 22336K, reserved 212992K
GC Heap History (20 events):
Event: 140.543 GC heap after
{Heap after GC invocations=73 (full 0):
 garbage-first heap   total 350208K, used 209880K [0x00000000d0000000, 0x0000000100000000)
  region size 1024K, 16 young (16384K), 16 survivors (16384K)
 Metaspace       used 140907K, committed 143744K, reserved 344064K
  class space    used 19506K, committed 20928K, reserved 212992K
}
Event: 141.562 GC heap before
{Heap before GC invocations=73 (full 0):
 garbage-first heap   total 350208K, used 313304K [0x00000000d0000000, 0x0000000100000000)
  region size 1024K, 118 young (120832K), 16 survivors (16384K)
 Metaspace       used 141168K, committed 144064K, reserved 344064K
  class space    used 19541K, committed 20928K, reserved 212992K
}
Event: 141.581 GC heap after
{Heap after GC invocations=74 (full 0):
 garbage-first heap   total 350208K, used 182121K [0x00000000d0000000, 0x0000000100000000)
  region size 1024K, 8 young (8192K), 8 survivors (8192K)
 Metaspace       used 141168K, committed 144064K, reserved 344064K
  class space    used 19541K, committed 20928K, reserved 212992K
}
Event: 166.066 GC heap before
{Heap before GC invocations=74 (full 0):
 garbage-first heap   total 350208K, used 315241K [0x00000000d0000000, 0x0000000100000000)
  region size 1024K, 139 young (142336K), 8 survivors (8192K)
 Metaspace       used 145542K, committed 148544K, reserved 344064K
  class space    used 20108K, committed 21568K, reserved 212992K
}
Event: 166.084 GC heap after
{Heap after GC invocations=75 (full 0):
 garbage-first heap   total 350208K, used 188725K [0x00000000d0000000, 0x0000000100000000)
  region size 1024K, 14 young (14336K), 14 survivors (14336K)
 Metaspace       used 145542K, committed 148544K, reserved 344064K
  class space    used 20108K, committed 21568K, reserved 212992K
}
Event: 170.764 GC heap before
{Heap before GC invocations=75 (full 0):
 garbage-first heap   total 350208K, used 319797K [0x00000000d0000000, 0x0000000100000000)
  region size 1024K, 139 young (142336K), 14 survivors (14336K)
 Metaspace       used 146558K, committed 149504K, reserved 344064K
  class space    used 20243K, committed 21696K, reserved 212992K
}
Event: 170.794 GC heap after
{Heap after GC invocations=76 (full 0):
 garbage-first heap   total 355328K, used 208804K [0x00000000d0000000, 0x0000000100000000)
  region size 1024K, 18 young (18432K), 18 survivors (18432K)
 Metaspace       used 146558K, committed 149504K, reserved 344064K
  class space    used 20243K, committed 21696K, reserved 212992K
}
Event: 171.781 GC heap before
{Heap before GC invocations=76 (full 0):
 garbage-first heap   total 355328K, used 300964K [0x00000000d0000000, 0x0000000100000000)
  region size 1024K, 109 young (111616K), 18 survivors (18432K)
 Metaspace       used 146962K, committed 149952K, reserved 344064K
  class space    used 20299K, committed 21760K, reserved 212992K
}
Event: 171.801 GC heap after
{Heap after GC invocations=77 (full 0):
 garbage-first heap   total 355328K, used 220368K [0x00000000d0000000, 0x0000000100000000)
  region size 1024K, 10 young (10240K), 10 survivors (10240K)
 Metaspace       used 146962K, committed 149952K, reserved 344064K
  class space    used 20299K, committed 21760K, reserved 212992K
}
Event: 180.119 GC heap before
{Heap before GC invocations=78 (full 0):
 garbage-first heap   total 373760K, used 324816K [0x00000000d0000000, 0x0000000100000000)
  region size 1024K, 109 young (111616K), 10 survivors (10240K)
 Metaspace       used 147711K, committed 150720K, reserved 344064K
  class space    used 20404K, committed 21888K, reserved 212992K
}
Event: 180.127 GC heap after
{Heap after GC invocations=79 (full 0):
 garbage-first heap   total 373760K, used 235338K [0x00000000d0000000, 0x0000000100000000)
  region size 1024K, 14 young (14336K), 14 survivors (14336K)
 Metaspace       used 147711K, committed 150720K, reserved 344064K
  class space    used 20404K, committed 21888K, reserved 212992K
}
Event: 180.194 GC heap before
{Heap before GC invocations=79 (full 0):
 garbage-first heap   total 373760K, used 334666K [0x00000000d0000000, 0x0000000100000000)
  region size 1024K, 111 young (113664K), 14 survivors (14336K)
 Metaspace       used 147711K, committed 150720K, reserved 344064K
  class space    used 20404K, committed 21888K, reserved 212992K
}
Event: 180.207 GC heap after
{Heap after GC invocations=80 (full 0):
 garbage-first heap   total 382976K, used 259072K [0x00000000d0000000, 0x0000000100000000)
  region size 1024K, 14 young (14336K), 14 survivors (14336K)
 Metaspace       used 147711K, committed 150720K, reserved 344064K
  class space    used 20404K, committed 21888K, reserved 212992K
}
Event: 180.259 GC heap before
{Heap before GC invocations=80 (full 0):
 garbage-first heap   total 382976K, used 340992K [0x00000000d0000000, 0x0000000100000000)
  region size 1024K, 94 young (96256K), 14 survivors (14336K)
 Metaspace       used 147711K, committed 150720K, reserved 344064K
  class space    used 20404K, committed 21888K, reserved 212992K
}
Event: 180.266 GC heap after
{Heap after GC invocations=81 (full 0):
 garbage-first heap   total 382976K, used 282624K [0x00000000d0000000, 0x0000000100000000)
  region size 1024K, 12 young (12288K), 12 survivors (12288K)
 Metaspace       used 147711K, committed 150720K, reserved 344064K
  class space    used 20404K, committed 21888K, reserved 212992K
}
Event: 180.314 GC heap before
{Heap before GC invocations=81 (full 0):
 garbage-first heap   total 382976K, used 346112K [0x00000000d0000000, 0x0000000100000000)
  region size 1024K, 74 young (75776K), 12 survivors (12288K)
 Metaspace       used 147711K, committed 150720K, reserved 344064K
  class space    used 20404K, committed 21888K, reserved 212992K
}
Event: 180.320 GC heap after
{Heap after GC invocations=82 (full 0):
 garbage-first heap   total 382976K, used 303104K [0x00000000d0000000, 0x0000000100000000)
  region size 1024K, 10 young (10240K), 10 survivors (10240K)
 Metaspace       used 147711K, committed 150720K, reserved 344064K
  class space    used 20404K, committed 21888K, reserved 212992K
}
Event: 180.775 GC heap before
{Heap before GC invocations=83 (full 0):
 garbage-first heap   total 529408K, used 331776K [0x00000000d0000000, 0x0000000100000000)
  region size 1024K, 51 young (52224K), 10 survivors (10240K)
 Metaspace       used 149237K, committed 152192K, reserved 344064K
  class space    used 20609K, committed 22080K, reserved 212992K
}
Event: 180.781 GC heap after
{Heap after GC invocations=84 (full 0):
 garbage-first heap   total 529408K, used 299520K [0x00000000d0000000, 0x0000000100000000)
  region size 1024K, 7 young (7168K), 7 survivors (7168K)
 Metaspace       used 149237K, committed 152192K, reserved 344064K
  class space    used 20609K, committed 22080K, reserved 212992K
}
Event: 182.490 GC heap before
{Heap before GC invocations=84 (full 0):
 garbage-first heap   total 529408K, used 444928K [0x00000000d0000000, 0x0000000100000000)
  region size 1024K, 149 young (152576K), 7 survivors (7168K)
 Metaspace       used 151209K, committed 154176K, reserved 409600K
  class space    used 20861K, committed 22336K, reserved 212992K
}

