# JRE version: Java(TM) SE Runtime Environment (21.0.2+13) (build 21.0.2+13-LTS-58)
# Java VM: Java HotSpot(TM) 64-Bit Server VM (21.0.2+13-LTS-58, mixed mode, sharing, tiered, compressed oops, compressed class ptrs, g1 gc, windows-amd64)
GC Precious Log:
 CardTable entry size: 512
 Card Set container configuration: InlinePtr #cards 5 size 8 Array Of Cards #cards 12 size 40 Howl #buckets 4 coarsen threshold 1843 Howl Bitmap #cards 512 size 80 coarsen threshold 460 Card regions per heap region 1 cards per card region 2048
 CPUs: 8 total, 8 available
 Memory: 7941M
 Large Page Support: Disabled
 NUMA Support: Disabled
 Compressed Oops: Enabled (32-bit)
 Heap Region Size: 1M
 Heap Min Capacity: 8M
 Heap Initial Capacity: 126M
 Heap Max Capacity: 1986M
 Pre-touch: Disabled
 Parallel Workers: 8
 Concurrent Workers: 2
 Concurrent Refinement Workers: 8
 Periodic GC: Disabled
Heap:
 garbage-first heap   total 252928K, used 196356K [0x0000000083e00000, 0x0000000100000000)
  region size 1024K, 43 young (44032K), 11 survivors (11264K)
 Metaspace       used 59992K, committed 60416K, reserved 1114112K
  class space    used 6358K, committed 6528K, reserved 1048576K
GC Heap History (20 events):
Event: 11.676 GC heap before
{Heap before GC invocations=18 (full 0):
 garbage-first heap   total 188416K, used 156432K [0x0000000083e00000, 0x0000000100000000)
  region size 1024K, 54 young (55296K), 7 survivors (7168K)
 Metaspace       used 51867K, committed 52288K, reserved 1114112K
  class space    used 5839K, committed 6016K, reserved 1048576K
}
Event: 11.700 GC heap after
{Heap after GC invocations=19 (full 0):
 garbage-first heap   total 188416K, used 116224K [0x0000000083e00000, 0x0000000100000000)
  region size 1024K, 7 young (7168K), 7 survivors (7168K)
 Metaspace       used 51867K, committed 52288K, reserved 1114112K
  class space    used 5839K, committed 6016K, reserved 1048576K
}
Event: 12.582 GC heap before
{Heap before GC invocations=19 (full 0):
 garbage-first heap   total 188416K, used 160256K [0x0000000083e00000, 0x0000000100000000)
  region size 1024K, 50 young (51200K), 7 survivors (7168K)
 Metaspace       used 52277K, committed 52608K, reserved 1114112K
  class space    used 5860K, committed 6016K, reserved 1048576K
}
Event: 12.600 GC heap after
{Heap after GC invocations=20 (full 0):
 garbage-first heap   total 188416K, used 124416K [0x0000000083e00000, 0x0000000100000000)
  region size 1024K, 7 young (7168K), 7 survivors (7168K)
 Metaspace       used 52277K, committed 52608K, reserved 1114112K
  class space    used 5860K, committed 6016K, reserved 1048576K
}
Event: 13.864 GC heap before
{Heap before GC invocations=21 (full 0):
 garbage-first heap   total 215040K, used 164352K [0x0000000083e00000, 0x0000000100000000)
  region size 1024K, 46 young (47104K), 7 survivors (7168K)
 Metaspace       used 52943K, committed 53312K, reserved 1114112K
  class space    used 5900K, committed 6080K, reserved 1048576K
}
Event: 13.882 GC heap after
{Heap after GC invocations=22 (full 0):
 garbage-first heap   total 215040K, used 130414K [0x0000000083e00000, 0x0000000100000000)
  region size 1024K, 6 young (6144K), 6 survivors (6144K)
 Metaspace       used 52943K, committed 53312K, reserved 1114112K
  class space    used 5900K, committed 6080K, reserved 1048576K
}
Event: 15.549 GC heap before
{Heap before GC invocations=22 (full 0):
 garbage-first heap   total 215040K, used 184686K [0x0000000083e00000, 0x0000000100000000)
  region size 1024K, 59 young (60416K), 6 survivors (6144K)
 Metaspace       used 53370K, committed 53760K, reserved 1114112K
  class space    used 5922K, committed 6080K, reserved 1048576K
}
Event: 15.561 GC heap after
{Heap after GC invocations=23 (full 0):
 garbage-first heap   total 215040K, used 132836K [0x0000000083e00000, 0x0000000100000000)
  region size 1024K, 4 young (4096K), 4 survivors (4096K)
 Metaspace       used 53370K, committed 53760K, reserved 1114112K
  class space    used 5922K, committed 6080K, reserved 1048576K
}
Event: 18.006 GC heap before
{Heap before GC invocations=23 (full 0):
 garbage-first heap   total 215040K, used 188132K [0x0000000083e00000, 0x0000000100000000)
  region size 1024K, 58 young (59392K), 4 survivors (4096K)
 Metaspace       used 54048K, committed 54400K, reserved 1114112K
  class space    used 5968K, committed 6144K, reserved 1048576K
}
Event: 18.017 GC heap after
{Heap after GC invocations=24 (full 0):
 garbage-first heap   total 215040K, used 136471K [0x0000000083e00000, 0x0000000100000000)
  region size 1024K, 7 young (7168K), 7 survivors (7168K)
 Metaspace       used 54048K, committed 54400K, reserved 1114112K
  class space    used 5968K, committed 6144K, reserved 1048576K
}
Event: 19.637 GC heap before
{Heap before GC invocations=25 (full 0):
 garbage-first heap   total 234496K, used 191767K [0x0000000083e00000, 0x0000000100000000)
  region size 1024K, 61 young (62464K), 7 survivors (7168K)
 Metaspace       used 54242K, committed 54592K, reserved 1114112K
  class space    used 5970K, committed 6144K, reserved 1048576K
}
Event: 19.652 GC heap after
{Heap after GC invocations=26 (full 0):
 garbage-first heap   total 234496K, used 140735K [0x0000000083e00000, 0x0000000100000000)
  region size 1024K, 8 young (8192K), 8 survivors (8192K)
 Metaspace       used 54242K, committed 54592K, reserved 1114112K
  class space    used 5970K, committed 6144K, reserved 1048576K
}
Event: 21.219 GC heap before
{Heap before GC invocations=26 (full 0):
 garbage-first heap   total 234496K, used 208319K [0x0000000083e00000, 0x0000000100000000)
  region size 1024K, 74 young (75776K), 8 survivors (8192K)
 Metaspace       used 54432K, committed 54784K, reserved 1114112K
  class space    used 5980K, committed 6144K, reserved 1048576K
}
Event: 21.238 GC heap after
{Heap after GC invocations=27 (full 0):
 garbage-first heap   total 234496K, used 143373K [0x0000000083e00000, 0x0000000100000000)
  region size 1024K, 8 young (8192K), 8 survivors (8192K)
 Metaspace       used 54432K, committed 54784K, reserved 1114112K
  class space    used 5980K, committed 6144K, reserved 1048576K
}
Event: 23.270 GC heap before
{Heap before GC invocations=27 (full 0):
 garbage-first heap   total 234496K, used 213005K [0x0000000083e00000, 0x0000000100000000)
  region size 1024K, 76 young (77824K), 8 survivors (8192K)
 Metaspace       used 54625K, committed 54976K, reserved 1114112K
  class space    used 5990K, committed 6144K, reserved 1048576K
}
Event: 23.286 GC heap after
{Heap after GC invocations=28 (full 0):
 garbage-first heap   total 234496K, used 148690K [0x0000000083e00000, 0x0000000100000000)
  region size 1024K, 9 young (9216K), 9 survivors (9216K)
 Metaspace       used 54625K, committed 54976K, reserved 1114112K
  class space    used 5990K, committed 6144K, reserved 1048576K
}
Event: 29.561 GC heap before
{Heap before GC invocations=29 (full 0):
 garbage-first heap   total 252928K, used 211154K [0x0000000083e00000, 0x0000000100000000)
  region size 1024K, 70 young (71680K), 9 survivors (9216K)
 Metaspace       used 58950K, committed 59264K, reserved 1114112K
  class space    used 6315K, committed 6464K, reserved 1048576K
}
Event: 29.585 GC heap after
{Heap after GC invocations=30 (full 0):
 garbage-first heap   total 252928K, used 154930K [0x0000000083e00000, 0x0000000100000000)
  region size 1024K, 7 young (7168K), 7 survivors (7168K)
 Metaspace       used 58950K, committed 59264K, reserved 1114112K
  class space    used 6315K, committed 6464K, reserved 1048576K
}
Event: 34.744 GC heap before
{Heap before GC invocations=30 (full 0):
 garbage-first heap   total 252928K, used 231730K [0x0000000083e00000, 0x0000000100000000)
  region size 1024K, 82 young (83968K), 7 survivors (7168K)
 Metaspace       used 59835K, committed 60288K, reserved 1114112K
  class space    used 6356K, committed 6528K, reserved 1048576K
}
Event: 34.774 GC heap after
{Heap after GC invocations=31 (full 0):
 garbage-first heap   total 252928K, used 164612K [0x0000000083e00000, 0x0000000100000000)
  region size 1024K, 11 young (11264K), 11 survivors (11264K)
 Metaspace       used 59835K, committed 60288K, reserved 1114112K
  class space    used 6356K, committed 6528K, reserved 1048576K
}

