# JRE version: Java(TM) SE Runtime Environment (21.0.2+13) (build 21.0.2+13-LTS-58)
# Java VM: Java HotSpot(TM) 64-Bit Server VM (21.0.2+13-LTS-58, mixed mode, sharing, tiered, compressed oops, compressed class ptrs, g1 gc, windows-amd64)
GC Precious Log:
 CardTable entry size: 512
 Card Set container configuration: InlinePtr #cards 4 size 8 Array Of Cards #cards 16 size 48 Howl #buckets 8 coarsen threshold 3686 Howl Bitmap #cards 512 size 80 coarsen threshold 460 Card regions per heap region 1 cards per card region 4096
 CPUs: 8 total, 8 available
 Memory: 7941M
 Large Page Support: Disabled
 NUMA Support: Disabled
 Compressed Oops: Enabled (Zero based)
 Heap Region Size: 2M
 Heap Min Capacity: 8M
 Heap Initial Capacity: 126M
 Heap Max Capacity: 4G
 Pre-touch: Disabled
 Parallel Workers: 8
 Concurrent Workers: 2
 Concurrent Refinement Workers: 8
 Periodic GC: Disabled
Heap:
 garbage-first heap   total 925696K, used 421806K [0x0000000700000000, 0x0000000800000000)
  region size 2048K, 77 young (157696K), 11 survivors (22528K)
 Metaspace       used 209308K, committed 213696K, reserved 1245184K
  class space    used 28420K, committed 30720K, reserved 1048576K
GC Heap History (20 events):
Event: 1013.347 GC heap before
{Heap before GC invocations=90 (full 0):
 garbage-first heap   total 591872K, used 529616K [0x0000000700000000, 0x0000000800000000)
  region size 2048K, 109 young (223232K), 14 survivors (28672K)
 Metaspace       used 201719K, committed 206016K, reserved 1245184K
  class space    used 27658K, committed 29952K, reserved 1048576K
}
Event: 1013.418 GC heap after
{Heap after GC invocations=91 (full 0):
 garbage-first heap   total 591872K, used 349372K [0x0000000700000000, 0x0000000800000000)
  region size 2048K, 9 young (18432K), 9 survivors (18432K)
 Metaspace       used 201719K, committed 206016K, reserved 1245184K
  class space    used 27658K, committed 29952K, reserved 1048576K
}
Event: 1014.276 GC heap before
{Heap before GC invocations=91 (full 0):
 garbage-first heap   total 591872K, used 541884K [0x0000000700000000, 0x0000000800000000)
  region size 2048K, 103 young (210944K), 9 survivors (18432K)
 Metaspace       used 202303K, committed 206592K, reserved 1245184K
  class space    used 27690K, committed 29952K, reserved 1048576K
}
Event: 1014.302 GC heap after
{Heap after GC invocations=92 (full 0):
 garbage-first heap   total 591872K, used 354923K [0x0000000700000000, 0x0000000800000000)
  region size 2048K, 4 young (8192K), 4 survivors (8192K)
 Metaspace       used 202303K, committed 206592K, reserved 1245184K
  class space    used 27690K, committed 29952K, reserved 1048576K
}
Event: 1015.376 GC heap before
{Heap before GC invocations=93 (full 0):
 garbage-first heap   total 673792K, used 543339K [0x0000000700000000, 0x0000000800000000)
  region size 2048K, 98 young (200704K), 4 survivors (8192K)
 Metaspace       used 202543K, committed 206784K, reserved 1245184K
  class space    used 27698K, committed 29952K, reserved 1048576K
}
Event: 1015.390 GC heap after
{Heap after GC invocations=94 (full 0):
 garbage-first heap   total 673792K, used 356349K [0x0000000700000000, 0x0000000800000000)
  region size 2048K, 7 young (14336K), 7 survivors (14336K)
 Metaspace       used 202543K, committed 206784K, reserved 1245184K
  class space    used 27698K, committed 29952K, reserved 1048576K
}
Event: 1016.692 GC heap before
{Heap before GC invocations=94 (full 0):
 garbage-first heap   total 673792K, used 624637K [0x0000000700000000, 0x0000000800000000)
  region size 2048K, 137 young (280576K), 7 survivors (14336K)
 Metaspace       used 202809K, committed 207104K, reserved 1245184K
  class space    used 27724K, committed 30016K, reserved 1048576K
}
Event: 1016.728 GC heap after
{Heap after GC invocations=95 (full 0):
 garbage-first heap   total 673792K, used 296749K [0x0000000700000000, 0x0000000800000000)
  region size 2048K, 8 young (16384K), 8 survivors (16384K)
 Metaspace       used 202809K, committed 207104K, reserved 1245184K
  class space    used 27724K, committed 30016K, reserved 1048576K
}
Event: 1017.745 GC heap before
{Heap before GC invocations=95 (full 0):
 garbage-first heap   total 673792K, used 622381K [0x0000000700000000, 0x0000000800000000)
  region size 2048K, 167 young (342016K), 8 survivors (16384K)
 Metaspace       used 203345K, committed 207616K, reserved 1245184K
  class space    used 27804K, committed 30080K, reserved 1048576K
}
Event: 1017.782 GC heap after
{Heap after GC invocations=96 (full 0):
 garbage-first heap   total 835584K, used 257840K [0x0000000700000000, 0x0000000800000000)
  region size 2048K, 5 young (10240K), 5 survivors (10240K)
 Metaspace       used 203345K, committed 207616K, reserved 1245184K
  class space    used 27804K, committed 30080K, reserved 1048576K
}
Event: 1030.784 GC heap before
{Heap before GC invocations=96 (full 0):
 garbage-first heap   total 835584K, used 616240K [0x0000000700000000, 0x0000000800000000)
  region size 2048K, 182 young (372736K), 5 survivors (10240K)
 Metaspace       used 205934K, committed 210176K, reserved 1245184K
  class space    used 28095K, committed 30336K, reserved 1048576K
}
Event: 1030.793 GC heap after
{Heap after GC invocations=97 (full 0):
 garbage-first heap   total 835584K, used 258368K [0x0000000700000000, 0x0000000800000000)
  region size 2048K, 6 young (12288K), 6 survivors (12288K)
 Metaspace       used 205934K, committed 210176K, reserved 1245184K
  class space    used 28095K, committed 30336K, reserved 1048576K
}
Event: 1289.102 GC heap before
{Heap before GC invocations=98 (full 0):
 garbage-first heap   total 835584K, used 831808K [0x0000000700000000, 0x0000000800000000)
  region size 2048K, 205 young (419840K), 6 survivors (12288K)
 Metaspace       used 207084K, committed 211392K, reserved 1245184K
  class space    used 28238K, committed 30528K, reserved 1048576K
}
Event: 1289.264 GC heap after
{Heap after GC invocations=99 (full 0):
 garbage-first heap   total 874496K, used 286421K [0x0000000700000000, 0x0000000800000000)
  region size 2048K, 19 young (38912K), 19 survivors (38912K)
 Metaspace       used 207084K, committed 211392K, reserved 1245184K
  class space    used 28238K, committed 30528K, reserved 1048576K
}
Event: 1302.984 GC heap before
{Heap before GC invocations=99 (full 0):
 garbage-first heap   total 874496K, used 853717K [0x0000000700000000, 0x0000000800000000)
  region size 2048K, 256 young (524288K), 19 survivors (38912K)
 Metaspace       used 208589K, committed 212928K, reserved 1245184K
  class space    used 28360K, committed 30656K, reserved 1048576K
}
Event: 1303.093 GC heap after
{Heap after GC invocations=100 (full 0):
 garbage-first heap   total 925696K, used 303644K [0x0000000700000000, 0x0000000800000000)
  region size 2048K, 28 young (57344K), 28 survivors (57344K)
 Metaspace       used 208589K, committed 212928K, reserved 1245184K
  class space    used 28360K, committed 30656K, reserved 1048576K
}
Event: 1303.723 GC heap before
{Heap before GC invocations=100 (full 0):
 garbage-first heap   total 925696K, used 422428K [0x0000000700000000, 0x0000000800000000)
  region size 2048K, 88 young (180224K), 28 survivors (57344K)
 Metaspace       used 208619K, committed 212992K, reserved 1245184K
  class space    used 28360K, committed 30656K, reserved 1048576K
}
Event: 1303.777 GC heap after
{Heap after GC invocations=101 (full 0):
 garbage-first heap   total 925696K, used 308142K [0x0000000700000000, 0x0000000800000000)
  region size 2048K, 17 young (34816K), 17 survivors (34816K)
 Metaspace       used 208619K, committed 212992K, reserved 1245184K
  class space    used 28360K, committed 30656K, reserved 1048576K
}
Event: 1315.861 GC heap before
{Heap before GC invocations=102 (full 0):
 garbage-first heap   total 925696K, used 824238K [0x0000000700000000, 0x0000000800000000)
  region size 2048K, 271 young (555008K), 17 survivors (34816K)
 Metaspace       used 208917K, committed 213248K, reserved 1245184K
  class space    used 28375K, committed 30656K, reserved 1048576K
}
Event: 1315.949 GC heap after
{Heap after GC invocations=103 (full 0):
 garbage-first heap   total 925696K, used 288686K [0x0000000700000000, 0x0000000800000000)
  region size 2048K, 11 young (22528K), 11 survivors (22528K)
 Metaspace       used 208917K, committed 213248K, reserved 1245184K
  class space    used 28375K, committed 30656K, reserved 1048576K
}

