# JRE version: Java(TM) SE Runtime Environment (21.0.2+13) (build 21.0.2+13-LTS-58)
# Java VM: Java HotSpot(TM) 64-Bit Server VM (21.0.2+13-LTS-58, mixed mode, sharing, tiered, compressed oops, compressed class ptrs, g1 gc, windows-amd64)
GC Precious Log:
 CardTable entry size: 512
 Card Set container configuration: InlinePtr #cards 5 size 8 Array Of Cards #cards 12 size 40 Howl #buckets 4 coarsen threshold 1843 Howl Bitmap #cards 512 size 80 coarsen threshold 460 Card regions per heap region 1 cards per card region 2048
 CPUs: 8 total, 8 available
 Memory: 7941M
 Large Page Support: Disabled
 NUMA Support: Disabled
 Compressed Oops: Enabled (32-bit)
 Heap Region Size: 1M
 Heap Min Capacity: 8M
 Heap Initial Capacity: 126M
 Heap Max Capacity: 768M
 Pre-touch: Disabled
 Parallel Workers: 8
 Concurrent Workers: 2
 Concurrent Refinement Workers: 8
 Periodic GC: Disabled
Heap:
 garbage-first heap   total 439296K, used 339843K [0x00000000d0000000, 0x0000000100000000)
  region size 1024K, 52 young (53248K), 15 survivors (15360K)
 Metaspace       used 125395K, committed 128000K, reserved 344064K
  class space    used 17624K, committed 18880K, reserved 212992K
GC Heap History (20 events):
Event: 26.053 GC heap before
{Heap before GC invocations=56 (full 0):
 garbage-first heap   total 281600K, used 218604K [0x00000000d0000000, 0x0000000100000000)
  region size 1024K, 69 young (70656K), 5 survivors (5120K)
 Metaspace       used 120367K, committed 122944K, reserved 344064K
  class space    used 16943K, committed 18240K, reserved 212992K
}
Event: 26.059 GC heap after
{Heap after GC invocations=57 (full 0):
 garbage-first heap   total 281600K, used 157436K [0x00000000d0000000, 0x0000000100000000)
  region size 1024K, 9 young (9216K), 9 survivors (9216K)
 Metaspace       used 120367K, committed 122944K, reserved 344064K
  class space    used 16943K, committed 18240K, reserved 212992K
}
Event: 26.591 GC heap before
{Heap before GC invocations=57 (full 0):
 garbage-first heap   total 281600K, used 250620K [0x00000000d0000000, 0x0000000100000000)
  region size 1024K, 99 young (101376K), 9 survivors (9216K)
 Metaspace       used 121063K, committed 123584K, reserved 344064K
  class space    used 17049K, committed 18304K, reserved 212992K
}
Event: 26.602 GC heap after
{Heap after GC invocations=58 (full 0):
 garbage-first heap   total 281600K, used 171597K [0x00000000d0000000, 0x0000000100000000)
  region size 1024K, 13 young (13312K), 13 survivors (13312K)
 Metaspace       used 121063K, committed 123584K, reserved 344064K
  class space    used 17049K, committed 18304K, reserved 212992K
}
Event: 26.679 GC heap before
{Heap before GC invocations=58 (full 0):
 garbage-first heap   total 281600K, used 249421K [0x00000000d0000000, 0x0000000100000000)
  region size 1024K, 89 young (91136K), 13 survivors (13312K)
 Metaspace       used 121063K, committed 123584K, reserved 344064K
  class space    used 17049K, committed 18304K, reserved 212992K
}
Event: 26.690 GC heap after
{Heap after GC invocations=59 (full 0):
 garbage-first heap   total 285696K, used 194560K [0x00000000d0000000, 0x0000000100000000)
  region size 1024K, 12 young (12288K), 12 survivors (12288K)
 Metaspace       used 121063K, committed 123584K, reserved 344064K
  class space    used 17049K, committed 18304K, reserved 212992K
}
Event: 26.757 GC heap before
{Heap before GC invocations=59 (full 0):
 garbage-first heap   total 285696K, used 254976K [0x00000000d0000000, 0x0000000100000000)
  region size 1024K, 71 young (72704K), 12 survivors (12288K)
 Metaspace       used 121063K, committed 123584K, reserved 344064K
  class space    used 17049K, committed 18304K, reserved 212992K
}
Event: 26.764 GC heap after
{Heap after GC invocations=60 (full 0):
 garbage-first heap   total 285696K, used 211905K [0x00000000d0000000, 0x0000000100000000)
  region size 1024K, 9 young (9216K), 9 survivors (9216K)
 Metaspace       used 121063K, committed 123584K, reserved 344064K
  class space    used 17049K, committed 18304K, reserved 212992K
}
Event: 26.825 GC heap before
{Heap before GC invocations=60 (full 0):
 garbage-first heap   total 285696K, used 257985K [0x00000000d0000000, 0x0000000100000000)
  region size 1024K, 54 young (55296K), 9 survivors (9216K)
 Metaspace       used 121063K, committed 123584K, reserved 344064K
  class space    used 17049K, committed 18304K, reserved 212992K
}
Event: 26.829 GC heap after
{Heap after GC invocations=61 (full 0):
 garbage-first heap   total 285696K, used 226245K [0x00000000d0000000, 0x0000000100000000)
  region size 1024K, 7 young (7168K), 7 survivors (7168K)
 Metaspace       used 121063K, committed 123584K, reserved 344064K
  class space    used 17049K, committed 18304K, reserved 212992K
}
Event: 26.866 GC heap before
{Heap before GC invocations=61 (full 0):
 garbage-first heap   total 285696K, used 263109K [0x00000000d0000000, 0x0000000100000000)
  region size 1024K, 43 young (44032K), 7 survivors (7168K)
 Metaspace       used 121063K, committed 123584K, reserved 344064K
  class space    used 17049K, committed 18304K, reserved 212992K
}
Event: 26.870 GC heap after
{Heap after GC invocations=62 (full 0):
 garbage-first heap   total 285696K, used 238080K [0x00000000d0000000, 0x0000000100000000)
  region size 1024K, 6 young (6144K), 6 survivors (6144K)
 Metaspace       used 121063K, committed 123584K, reserved 344064K
  class space    used 17049K, committed 18304K, reserved 212992K
}
Event: 26.895 GC heap before
{Heap before GC invocations=62 (full 0):
 garbage-first heap   total 285696K, used 263680K [0x00000000d0000000, 0x0000000100000000)
  region size 1024K, 31 young (31744K), 6 survivors (6144K)
 Metaspace       used 121063K, committed 123584K, reserved 344064K
  class space    used 17049K, committed 18304K, reserved 212992K
}
Event: 26.898 GC heap after
{Heap after GC invocations=63 (full 0):
 garbage-first heap   total 336896K, used 246379K [0x00000000d0000000, 0x0000000100000000)
  region size 1024K, 4 young (4096K), 4 survivors (4096K)
 Metaspace       used 121063K, committed 123584K, reserved 344064K
  class space    used 17049K, committed 18304K, reserved 212992K
}
Event: 27.348 GC heap before
{Heap before GC invocations=64 (full 0):
 garbage-first heap   total 439296K, used 301675K [0x00000000d0000000, 0x0000000100000000)
  region size 1024K, 58 young (59392K), 4 survivors (4096K)
 Metaspace       used 123668K, committed 126272K, reserved 344064K
  class space    used 17420K, committed 18688K, reserved 212992K
}
Event: 27.353 GC heap after
{Heap after GC invocations=65 (full 0):
 garbage-first heap   total 439296K, used 254976K [0x00000000d0000000, 0x0000000100000000)
  region size 1024K, 8 young (8192K), 8 survivors (8192K)
 Metaspace       used 123668K, committed 126272K, reserved 344064K
  class space    used 17420K, committed 18688K, reserved 212992K
}
Event: 27.786 GC heap before
{Heap before GC invocations=65 (full 0):
 garbage-first heap   total 439296K, used 370688K [0x00000000d0000000, 0x0000000100000000)
  region size 1024K, 121 young (123904K), 8 survivors (8192K)
 Metaspace       used 124591K, committed 127168K, reserved 344064K
  class space    used 17508K, committed 18752K, reserved 212992K
}
Event: 27.809 GC heap after
{Heap after GC invocations=66 (full 0):
 garbage-first heap   total 439296K, used 279290K [0x00000000d0000000, 0x0000000100000000)
  region size 1024K, 16 young (16384K), 16 survivors (16384K)
 Metaspace       used 124591K, committed 127168K, reserved 344064K
  class space    used 17508K, committed 18752K, reserved 212992K
}
Event: 28.021 GC heap before
{Heap before GC invocations=66 (full 0):
 garbage-first heap   total 439296K, used 378618K [0x00000000d0000000, 0x0000000100000000)
  region size 1024K, 113 young (115712K), 16 survivors (16384K)
 Metaspace       used 124592K, committed 127168K, reserved 344064K
  class space    used 17508K, committed 18752K, reserved 212992K
}
Event: 28.050 GC heap after
{Heap after GC invocations=67 (full 0):
 garbage-first heap   total 439296K, used 302979K [0x00000000d0000000, 0x0000000100000000)
  region size 1024K, 15 young (15360K), 15 survivors (15360K)
 Metaspace       used 124592K, committed 127168K, reserved 344064K
  class space    used 17508K, committed 18752K, reserved 212992K
}

