# JRE version: Java(TM) SE Runtime Environment (21.0.2+13) (build 21.0.2+13-LTS-58)
# Java VM: Java HotSpot(TM) 64-Bit Server VM (21.0.2+13-LTS-58, mixed mode, sharing, tiered, compressed oops, compressed class ptrs, g1 gc, windows-amd64)
GC Precious Log:
 CardTable entry size: 512
 Card Set container configuration: InlinePtr #cards 5 size 8 Array Of Cards #cards 12 size 40 Howl #buckets 4 coarsen threshold 1843 Howl Bitmap #cards 512 size 80 coarsen threshold 460 Card regions per heap region 1 cards per card region 2048
 CPUs: 8 total, 8 available
 Memory: 7941M
 Large Page Support: Disabled
 NUMA Support: Disabled
 Compressed Oops: Enabled (32-bit)
 Heap Region Size: 1M
 Heap Min Capacity: 8M
 Heap Initial Capacity: 126M
 Heap Max Capacity: 512M
 Pre-touch: Disabled
 Parallel Workers: 8
 Concurrent Workers: 2
 Concurrent Refinement Workers: 8
 Periodic GC: Disabled
Heap:
 garbage-first heap   total 153600K, used 118803K [0x00000000e0000000, 0x0000000100000000)
  region size 1024K, 31 young (31744K), 3 survivors (3072K)
 Metaspace       used 87072K, committed 89152K, reserved 344064K
  class space    used 12117K, committed 13120K, reserved 212992K
GC Heap History (20 events):
Event: 14.841 GC heap before
{Heap before GC invocations=21 (full 0):
 garbage-first heap   total 121856K, used 94851K [0x00000000e0000000, 0x0000000100000000)
  region size 1024K, 32 young (32768K), 3 survivors (3072K)
 Metaspace       used 63410K, committed 65280K, reserved 278528K
  class space    used 8970K, committed 9920K, reserved 212992K
}
Event: 14.846 GC heap after
{Heap after GC invocations=22 (full 0):
 garbage-first heap   total 121856K, used 67235K [0x00000000e0000000, 0x0000000100000000)
  region size 1024K, 3 young (3072K), 3 survivors (3072K)
 Metaspace       used 63410K, committed 65280K, reserved 278528K
  class space    used 8970K, committed 9920K, reserved 212992K
}
Event: 15.540 GC heap before
{Heap before GC invocations=22 (full 0):
 garbage-first heap   total 121856K, used 109219K [0x00000000e0000000, 0x0000000100000000)
  region size 1024K, 44 young (45056K), 3 survivors (3072K)
 Metaspace       used 66548K, committed 68480K, reserved 278528K
  class space    used 9484K, committed 10432K, reserved 212992K
}
Event: 15.544 GC heap after
{Heap after GC invocations=23 (full 0):
 garbage-first heap   total 121856K, used 67868K [0x00000000e0000000, 0x0000000100000000)
  region size 1024K, 4 young (4096K), 4 survivors (4096K)
 Metaspace       used 66548K, committed 68480K, reserved 278528K
  class space    used 9484K, committed 10432K, reserved 212992K
}
Event: 15.887 GC heap before
{Heap before GC invocations=23 (full 0):
 garbage-first heap   total 121856K, used 88348K [0x00000000e0000000, 0x0000000100000000)
  region size 1024K, 25 young (25600K), 4 survivors (4096K)
 Metaspace       used 67930K, committed 69824K, reserved 278528K
  class space    used 9668K, committed 10624K, reserved 212992K
}
Event: 15.892 GC heap after
{Heap after GC invocations=24 (full 0):
 garbage-first heap   total 121856K, used 69551K [0x00000000e0000000, 0x0000000100000000)
  region size 1024K, 5 young (5120K), 5 survivors (5120K)
 Metaspace       used 67930K, committed 69824K, reserved 278528K
  class space    used 9668K, committed 10624K, reserved 212992K
}
Event: 16.626 GC heap before
{Heap before GC invocations=25 (full 0):
 garbage-first heap   total 124928K, used 110511K [0x00000000e0000000, 0x0000000100000000)
  region size 1024K, 43 young (44032K), 5 survivors (5120K)
 Metaspace       used 70622K, committed 72576K, reserved 278528K
  class space    used 9987K, committed 10944K, reserved 212992K
}
Event: 16.631 GC heap after
{Heap after GC invocations=26 (full 0):
 garbage-first heap   total 124928K, used 73694K [0x00000000e0000000, 0x0000000100000000)
  region size 1024K, 4 young (4096K), 4 survivors (4096K)
 Metaspace       used 70622K, committed 72576K, reserved 278528K
  class space    used 9987K, committed 10944K, reserved 212992K
}
Event: 17.427 GC heap before
{Heap before GC invocations=26 (full 0):
 garbage-first heap   total 124928K, used 112606K [0x00000000e0000000, 0x0000000100000000)
  region size 1024K, 42 young (43008K), 4 survivors (4096K)
 Metaspace       used 74269K, committed 76224K, reserved 344064K
  class space    used 10348K, committed 11328K, reserved 212992K
}
Event: 17.432 GC heap after
{Heap after GC invocations=27 (full 0):
 garbage-first heap   total 124928K, used 73797K [0x00000000e0000000, 0x0000000100000000)
  region size 1024K, 4 young (4096K), 4 survivors (4096K)
 Metaspace       used 74269K, committed 76224K, reserved 344064K
  class space    used 10348K, committed 11328K, reserved 212992K
}
Event: 17.800 GC heap before
{Heap before GC invocations=27 (full 0):
 garbage-first heap   total 124928K, used 84037K [0x00000000e0000000, 0x0000000100000000)
  region size 1024K, 15 young (15360K), 4 survivors (4096K)
 Metaspace       used 75934K, committed 77952K, reserved 344064K
  class space    used 10529K, committed 11520K, reserved 212992K
}
Event: 17.804 GC heap after
{Heap after GC invocations=28 (full 0):
 garbage-first heap   total 124928K, used 75429K [0x00000000e0000000, 0x0000000100000000)
  region size 1024K, 5 young (5120K), 5 survivors (5120K)
 Metaspace       used 75934K, committed 77952K, reserved 344064K
  class space    used 10529K, committed 11520K, reserved 212992K
}
Event: 18.555 GC heap before
{Heap before GC invocations=29 (full 0):
 garbage-first heap   total 147456K, used 116389K [0x00000000e0000000, 0x0000000100000000)
  region size 1024K, 40 young (40960K), 5 survivors (5120K)
 Metaspace       used 77503K, committed 79424K, reserved 344064K
  class space    used 10759K, committed 11712K, reserved 212992K
}
Event: 18.562 GC heap after
{Heap after GC invocations=30 (full 0):
 garbage-first heap   total 147456K, used 79933K [0x00000000e0000000, 0x0000000100000000)
  region size 1024K, 5 young (5120K), 5 survivors (5120K)
 Metaspace       used 77503K, committed 79424K, reserved 344064K
  class space    used 10759K, committed 11712K, reserved 212992K
}
Event: 19.655 GC heap before
{Heap before GC invocations=30 (full 0):
 garbage-first heap   total 147456K, used 127037K [0x00000000e0000000, 0x0000000100000000)
  region size 1024K, 51 young (52224K), 5 survivors (5120K)
 Metaspace       used 80715K, committed 82688K, reserved 344064K
  class space    used 11183K, committed 12160K, reserved 212992K
}
Event: 19.661 GC heap after
{Heap after GC invocations=31 (full 0):
 garbage-first heap   total 147456K, used 82211K [0x00000000e0000000, 0x0000000100000000)
  region size 1024K, 3 young (3072K), 3 survivors (3072K)
 Metaspace       used 80715K, committed 82688K, reserved 344064K
  class space    used 11183K, committed 12160K, reserved 212992K
}
Event: 21.746 GC heap before
{Heap before GC invocations=31 (full 0):
 garbage-first heap   total 147456K, used 129315K [0x00000000e0000000, 0x0000000100000000)
  region size 1024K, 49 young (50176K), 3 survivors (3072K)
 Metaspace       used 82252K, committed 84288K, reserved 344064K
  class space    used 11411K, committed 12416K, reserved 212992K
}
Event: 21.753 GC heap after
{Heap after GC invocations=32 (full 0):
 garbage-first heap   total 147456K, used 87934K [0x00000000e0000000, 0x0000000100000000)
  region size 1024K, 7 young (7168K), 7 survivors (7168K)
 Metaspace       used 82252K, committed 84288K, reserved 344064K
  class space    used 11411K, committed 12416K, reserved 212992K
}
Event: 22.680 GC heap before
{Heap before GC invocations=33 (full 0):
 garbage-first heap   total 153600K, used 131966K [0x00000000e0000000, 0x0000000100000000)
  region size 1024K, 50 young (51200K), 7 survivors (7168K)
 Metaspace       used 85118K, committed 87168K, reserved 344064K
  class space    used 11826K, committed 12864K, reserved 212992K
}
Event: 22.688 GC heap after
{Heap after GC invocations=34 (full 0):
 garbage-first heap   total 153600K, used 91155K [0x00000000e0000000, 0x0000000100000000)
  region size 1024K, 3 young (3072K), 3 survivors (3072K)
 Metaspace       used 85118K, committed 87168K, reserved 344064K
  class space    used 11826K, committed 12864K, reserved 212992K
}

